<?xml version="1.0" encoding="UTF-8"?>
<testsuite xmlns:xsi="http://www.w3.org/2001/XMLSchema-instance" xsi:noNamespaceSchemaLocation="https://maven.apache.org/surefire/maven-surefire-plugin/xsd/surefire-test-report-3.0.xsd" version="3.0" name="com.haroon.movingaverage.impl.MovingAverageImplTest" time="0.282" tests="15" errors="0" skipped="0" failures="0">
  <properties>
[...]
</properties>
  <testcase name="insertElementTest" classname="com.haroon.movingaverage.impl.MovingAverageImplTest" time="0.085"/>
  <testcase name="calculateMovingAverageWindowSizeGreaterThanListSizeTest" classname="com.haroon.movingaverage.impl.MovingAverageImplTest" time="0.013"/>
  <testcase name="calculateMovingAverageWindowSizeEqualsListSizeTest" classname="com.haroon.movingaverage.impl.MovingAverageImplTest" time="0.018"/>
  <testcase name="calculateMovingAverageWindowSizeLessThanListSizeTest" classname="com.haroon.movingaverage.impl.MovingAverageImplTest" time="0.039"/>
  <testcase name="calculateMovingAverageNegativeInputTest" classname="com.haroon.movingaverage.impl.MovingAverageImplTest" time="0.008"/>
  <testcase name="calculateMovingAverageWindowSizeZeroTest" classname="com.haroon.movingaverage.impl.MovingAverageImplTest" time="0"/>
  <testcase name="calculateMovingAverageWindowSizeZeroListSizeNotZeroTest" classname="com.haroon.movingaverage.impl.MovingAverageImplTest" time="0.008"/>
  <testcase name="calculateMovingAverageWindowSizeNegativeTest" classname="com.haroon.movingaverage.impl.MovingAverageImplTest" time="0.003"/>
  <testcase name="calculateMovingAverageWindowSizeNullTest" classname="com.haroon.movingaverage.impl.MovingAverageImplTest" time="0.002"/>
  <testcase name="excpetionHandlingNullElementInsertTest" classname="com.haroon.movingaverage.impl.MovingAverageImplTest" time="0.002"/>
  <testcase name="excpetionHandlingAverageOfEmptyListTest" classname="com.haroon.movingaverage.impl.MovingAverageImplTest" time="0.002"/>
  <testcase name="getDataStructSizeTest" classname="com.haroon.movingaverage.impl.MovingAverageImplTest" time="0.004"/>
  <testcase name="getElementCorrectIndexTest" classname="com.haroon.movingaverage.impl.MovingAverageImplTest" time="0.006"/>
  <testcase name="getElementInCorrectIndexTest" classname="com.haroon.movingaverage.impl.MovingAverageImplTest" time="0.004"/>
  <testcase name="getAllElementsTest" classname="com.haroon.movingaverage.impl.MovingAverageImplTest" time="0.017"/>
</testsuite>